<?xml version="1.0" encoding="UTF-8"?>
<!-- Generated by org.testng.reporters.JUnitXMLReporter -->
<testsuite ignored="1" hostname="DESKTOP-F2NBHJ2" failures="0" tests="4" name="Test" time="0.128" errors="0" timestamp="2023-02-15T19:25:26 IST">
  <testcase classname="TestNG_Assertions.Grouping1" name="TC1" time="0.018"/>
  <testcase classname="TestNG_Assertions.Grouping1" name="TC2" time="0.004"/>
  <testcase classname="TestNG_Assertions.Grouping1" name="TC3" time="0.002"/>
  <testcase classname="TestNG_Assertions.Grouping1" name="TC4" time="0.002"/>
  <testcase classname="TestNG_Assertions.Grouping1" name="TC5" time="0.0">
    <ignored/>
  </testcase> <!-- TC5 -->
</testsuite> <!-- Test -->
