<?xml version="1.0" encoding="UTF-8"?>
<!-- Generated by org.testng.reporters.JUnitXMLReporter -->
<testsuite ignored="2" hostname="DESKTOP-F2NBHJ2" failures="1" tests="2" name="Test(failed)" time="0.126" errors="0" timestamp="2023-02-13T01:55:43 IST">
  <testcase classname="TestNG_Assertions.test3" name="TC6" time="0.02"/>
  <testcase classname="TestNG_Assertions.test2" name="TC3" time="0.007">
    <failure type="java.lang.AssertionError" message="null">
      <![CDATA[java.lang.AssertionError: null
at TestNG_Assertions.test2.TC3(test2.java:12)
at java.base/java.util.ArrayList.forEach(ArrayList.java:1511)
... Removed 29 stack frames]]>
    </failure>
  </testcase> <!-- TC3 -->
  <testcase classname="TestNG_Assertions.test2" name="TC4" time="0.0">
    <ignored/>
  </testcase> <!-- TC4 -->
  <testcase classname="TestNG_Assertions.test3" name="TC5" time="0.0">
    <ignored/>
  </testcase> <!-- TC5 -->
</testsuite> <!-- Test(failed) -->
